Info Message Template Auto Format enabled
Info Adding target FileTarget(Name=logfile)
Info Adding target ConsoleTarget(Name=logconsole)
Info Validating config: TargetNames=logfile, logconsole, ConfigItems=26, FilePath=/Users/justinhidalgo/Documents/MovieAssignmentProjects/MovieAssignmentFirst/MovieAssignmentAbstract/AbstractMovieAssignment/AbstractMovieAssignment/bin/Debug/net5.0/NLog.config
Info Configuration initialized.
Info NLog, Version=5.0.0.0, Culture=neutral, PublicKeyToken=5120e14c03d0593c. File version: 5.0.0.1. Product version: 5.0.0-preview.1+f7730207914733647b60ede7fc2525b3c9598507. GlobalAssemblyCache: False
Info AppDomain Shutting down. Logger closing...
Info Logger has been shut down.
Info Message Template Auto Format enabled
Info Adding target FileTarget(Name=logfile)
Info Adding target ConsoleTarget(Name=logconsole)
Info Validating config: TargetNames=logfile, logconsole, ConfigItems=26, FilePath=/Users/justinhidalgo/Documents/MovieAssignmentProjects/MovieAssignmentFirst/MovieAssignmentAbstract/AbstractMovieAssignment/AbstractMovieAssignment/bin/Debug/net5.0/NLog.config
Info Configuration initialized.
Info NLog, Version=5.0.0.0, Culture=neutral, PublicKeyToken=5120e14c03d0593c. File version: 5.0.0.1. Product version: 5.0.0-preview.1+f7730207914733647b60ede7fc2525b3c9598507. GlobalAssemblyCache: False
Info AppDomain Shutting down. Logger closing...
Info Logger has been shut down.
Info Message Template Auto Format enabled
Info Adding target FileTarget(Name=logfile)
Info Adding target ConsoleTarget(Name=logconsole)
Info Validating config: TargetNames=logfile, logconsole, ConfigItems=26, FilePath=/Users/justinhidalgo/Documents/MovieAssignmentProjects/MovieAssignmentFirst/MovieAssignmentAbstract/AbstractMovieAssignment/AbstractMovieAssignment/bin/Debug/net5.0/NLog.config
Info Configuration initialized.
Info NLog, Version=5.0.0.0, Culture=neutral, PublicKeyToken=5120e14c03d0593c. File version: 5.0.0.1. Product version: 5.0.0-preview.1+f7730207914733647b60ede7fc2525b3c9598507. GlobalAssemblyCache: False
Info AppDomain Shutting down. Logger closing...
Info Logger has been shut down.
Info Message Template Auto Format enabled
Info Adding target FileTarget(Name=logfile)
Info Adding target ConsoleTarget(Name=logconsole)
Info Validating config: TargetNames=logfile, logconsole, ConfigItems=26, FilePath=/Users/justinhidalgo/Documents/MovieAssignmentProjects/MovieAssignmentFirst/MovieAssignmentAbstract/AbstractMovieAssignment/AbstractMovieAssignment/bin/Debug/net5.0/NLog.config
Info Configuration initialized.
Info NLog, Version=5.0.0.0, Culture=neutral, PublicKeyToken=5120e14c03d0593c. File version: 5.0.0.1. Product version: 5.0.0-preview.1+f7730207914733647b60ede7fc2525b3c9598507. GlobalAssemblyCache: False
Info Message Template Auto Format enabled
Info Adding target FileTarget(Name=logfile)
Info Adding target ConsoleTarget(Name=logconsole)
Info Validating config: TargetNames=logfile, logconsole, ConfigItems=26, FilePath=/Users/justinhidalgo/Documents/MovieAssignmentProjects/MovieAssignmentFirst/MovieAssignmentAbstract/AbstractMovieAssignment/AbstractMovieAssignment/bin/Debug/net5.0/NLog.config
Info Configuration initialized.
Info NLog, Version=5.0.0.0, Culture=neutral, PublicKeyToken=5120e14c03d0593c. File version: 5.0.0.1. Product version: 5.0.0-preview.1+f7730207914733647b60ede7fc2525b3c9598507. GlobalAssemblyCache: False
Info Message Template Auto Format enabled
Info Adding target FileTarget(Name=logfile)
Info Adding target ConsoleTarget(Name=logconsole)
Info Validating config: TargetNames=logfile, logconsole, ConfigItems=26, FilePath=/Users/justinhidalgo/Documents/MovieAssignmentProjects/MovieAssignmentFirst/MovieAssignmentAbstract/AbstractMovieAssignment/AbstractMovieAssignment/bin/Debug/net5.0/NLog.config
Info Configuration initialized.
Info NLog, Version=5.0.0.0, Culture=neutral, PublicKeyToken=5120e14c03d0593c. File version: 5.0.0.1. Product version: 5.0.0-preview.1+f7730207914733647b60ede7fc2525b3c9598507. GlobalAssemblyCache: False
Info Message Template Auto Format enabled
Info Adding target FileTarget(Name=logfile)
Info Adding target ConsoleTarget(Name=logconsole)
Info Validating config: TargetNames=logfile, logconsole, ConfigItems=26, FilePath=/Users/justinhidalgo/Documents/MovieAssignmentProjects/MovieAssignmentFirst/MovieAssignmentAbstract/AbstractMovieAssignment/AbstractMovieAssignment/bin/Debug/net5.0/NLog.config
Info Configuration initialized.
Info NLog, Version=5.0.0.0, Culture=neutral, PublicKeyToken=5120e14c03d0593c. File version: 5.0.0.1. Product version: 5.0.0-preview.1+f7730207914733647b60ede7fc2525b3c9598507. GlobalAssemblyCache: False
Info Message Template Auto Format enabled
Info Adding target FileTarget(Name=logfile)
Info Adding target ConsoleTarget(Name=logconsole)
Info Validating config: TargetNames=logfile, logconsole, ConfigItems=26, FilePath=/Users/justinhidalgo/Documents/MovieAssignmentProjects/MovieAssignmentFirst/MovieAssignmentAbstract/AbstractMovieAssignment/AbstractMovieAssignment/bin/Debug/net5.0/NLog.config
Info Configuration initialized.
Info NLog, Version=5.0.0.0, Culture=neutral, PublicKeyToken=5120e14c03d0593c. File version: 5.0.0.1. Product version: 5.0.0-preview.1+f7730207914733647b60ede7fc2525b3c9598507. GlobalAssemblyCache: False
Info Message Template Auto Format enabled
Info Adding target FileTarget(Name=logfile)
Info Adding target ConsoleTarget(Name=logconsole)
Info Validating config: TargetNames=logfile, logconsole, ConfigItems=26, FilePath=/Users/justinhidalgo/Documents/MovieAssignmentProjects/MovieAssignmentFirst/MovieAssignmentAbstract/AbstractMovieAssignment/AbstractMovieAssignment/bin/Debug/net5.0/NLog.config
Info Configuration initialized.
Info NLog, Version=5.0.0.0, Culture=neutral, PublicKeyToken=5120e14c03d0593c. File version: 5.0.0.1. Product version: 5.0.0-preview.1+f7730207914733647b60ede7fc2525b3c9598507. GlobalAssemblyCache: False
Info Message Template Auto Format enabled
Info Adding target FileTarget(Name=logfile)
Info Adding target ConsoleTarget(Name=logconsole)
Info Validating config: TargetNames=logfile, logconsole, ConfigItems=26, FilePath=/Users/justinhidalgo/Documents/MovieAssignmentProjects/MovieAssignmentFirst/MovieAssignmentAbstract/AbstractMovieAssignment/AbstractMovieAssignment/bin/Debug/net5.0/NLog.config
Info Configuration initialized.
Info NLog, Version=5.0.0.0, Culture=neutral, PublicKeyToken=5120e14c03d0593c. File version: 5.0.0.1. Product version: 5.0.0-preview.1+f7730207914733647b60ede7fc2525b3c9598507. GlobalAssemblyCache: False
Info Message Template Auto Format enabled
Info Adding target FileTarget(Name=logfile)
Info Adding target ConsoleTarget(Name=logconsole)
Info Validating config: TargetNames=logfile, logconsole, ConfigItems=26, FilePath=/Users/justinhidalgo/Documents/MovieAssignmentProjects/MovieAssignmentFirst/MovieAssignmentAbstract/AbstractMovieAssignment/AbstractMovieAssignment/bin/Debug/net5.0/NLog.config
Info Configuration initialized.
Info NLog, Version=5.0.0.0, Culture=neutral, PublicKeyToken=5120e14c03d0593c. File version: 5.0.0.1. Product version: 5.0.0-preview.1+f7730207914733647b60ede7fc2525b3c9598507. GlobalAssemblyCache: False
Info Message Template Auto Format enabled
Info Adding target FileTarget(Name=logfile)
Info Adding target ConsoleTarget(Name=logconsole)
Info Validating config: TargetNames=logfile, logconsole, ConfigItems=26, FilePath=/Users/justinhidalgo/Documents/MovieAssignmentProjects/MovieAssignmentFirst/MovieAssignmentAbstract/AbstractMovieAssignment/AbstractMovieAssignment/bin/Debug/net5.0/NLog.config
Info Configuration initialized.
Info NLog, Version=5.0.0.0, Culture=neutral, PublicKeyToken=5120e14c03d0593c. File version: 5.0.0.1. Product version: 5.0.0-preview.1+f7730207914733647b60ede7fc2525b3c9598507. GlobalAssemblyCache: False
Info AppDomain Shutting down. Logger closing...
Info Logger has been shut down.
Info Message Template Auto Format enabled
Info Adding target FileTarget(Name=logfile)
Info Adding target ConsoleTarget(Name=logconsole)
Info Validating config: TargetNames=logfile, logconsole, ConfigItems=26, FilePath=/Users/justinhidalgo/Documents/MovieAssignmentProjects/MovieAssignmentFirst/MovieAssignmentAbstract/AbstractMovieAssignment/AbstractMovieAssignment/bin/Debug/net5.0/NLog.config
Info Configuration initialized.
Info NLog, Version=5.0.0.0, Culture=neutral, PublicKeyToken=5120e14c03d0593c. File version: 5.0.0.1. Product version: 5.0.0-preview.1+f7730207914733647b60ede7fc2525b3c9598507. GlobalAssemblyCache: False
Info Message Template Auto Format enabled
Info Adding target FileTarget(Name=logfile)
Info Adding target ConsoleTarget(Name=logconsole)
Info Validating config: TargetNames=logfile, logconsole, ConfigItems=26, FilePath=/Users/justinhidalgo/Documents/MovieAssignmentProjects/MovieAssignmentFirst/MovieAssignmentAbstract/AbstractMovieAssignment/AbstractMovieAssignment/bin/Debug/net5.0/NLog.config
Info Configuration initialized.
Info NLog, Version=5.0.0.0, Culture=neutral, PublicKeyToken=5120e14c03d0593c. File version: 5.0.0.1. Product version: 5.0.0-preview.1+f7730207914733647b60ede7fc2525b3c9598507. GlobalAssemblyCache: False
Info AppDomain Shutting down. Logger closing...
Info Logger has been shut down.
Info Message Template Auto Format enabled
Info Adding target FileTarget(Name=logfile)
Info Adding target ConsoleTarget(Name=logconsole)
Info Validating config: TargetNames=logfile, logconsole, ConfigItems=26, FilePath=/Users/justinhidalgo/Documents/MovieAssignmentProjects/MovieAssignmentFirst/MovieAssignmentAbstract/AbstractMovieAssignment/AbstractMovieAssignment/bin/Debug/net5.0/NLog.config
Info Configuration initialized.
Info NLog, Version=5.0.0.0, Culture=neutral, PublicKeyToken=5120e14c03d0593c. File version: 5.0.0.1. Product version: 5.0.0-preview.1+f7730207914733647b60ede7fc2525b3c9598507. GlobalAssemblyCache: False
Info AppDomain Shutting down. Logger closing...
Info Logger has been shut down.
Info Message Template Auto Format enabled
Info Adding target FileTarget(Name=logfile)
Info Adding target ConsoleTarget(Name=logconsole)
Info Validating config: TargetNames=logfile, logconsole, ConfigItems=26, FilePath=/Users/justinhidalgo/Documents/MovieAssignmentProjects/MovieAssignmentFirst/MovieAssignmentAbstract/AbstractMovieAssignment/AbstractMovieAssignment/bin/Debug/net5.0/NLog.config
Info Configuration initialized.
Info NLog, Version=5.0.0.0, Culture=neutral, PublicKeyToken=5120e14c03d0593c. File version: 5.0.0.1. Product version: 5.0.0-preview.1+f7730207914733647b60ede7fc2525b3c9598507. GlobalAssemblyCache: False
Info Message Template Auto Format enabled
Info Adding target FileTarget(Name=logfile)
Info Adding target ConsoleTarget(Name=logconsole)
Info Validating config: TargetNames=logfile, logconsole, ConfigItems=26, FilePath=/Users/justinhidalgo/Documents/MovieAssignmentProjects/MovieAssignmentFirst/MovieAssignmentAbstract/AbstractMovieAssignment/AbstractMovieAssignment/bin/Debug/net5.0/NLog.config
Info Configuration initialized.
Info NLog, Version=5.0.0.0, Culture=neutral, PublicKeyToken=5120e14c03d0593c. File version: 5.0.0.1. Product version: 5.0.0-preview.1+f7730207914733647b60ede7fc2525b3c9598507. GlobalAssemblyCache: False
Info Message Template Auto Format enabled
Info Adding target FileTarget(Name=logfile)
Info Adding target ConsoleTarget(Name=logconsole)
Info Validating config: TargetNames=logfile, logconsole, ConfigItems=26, FilePath=/Users/justinhidalgo/Documents/MovieAssignmentProjects/MovieAssignmentFirst/MovieAssignmentAbstract/AbstractMovieAssignment/AbstractMovieAssignment/bin/Debug/net5.0/NLog.config
Info Configuration initialized.
Info NLog, Version=5.0.0.0, Culture=neutral, PublicKeyToken=5120e14c03d0593c. File version: 5.0.0.1. Product version: 5.0.0-preview.1+f7730207914733647b60ede7fc2525b3c9598507. GlobalAssemblyCache: False
Info Message Template Auto Format enabled
Info Adding target FileTarget(Name=logfile)
Info Adding target ConsoleTarget(Name=logconsole)
Info Validating config: TargetNames=logfile, logconsole, ConfigItems=26, FilePath=/Users/justinhidalgo/Documents/MovieAssignmentProjects/MovieAssignmentFirst/MovieAssignmentAbstract/AbstractMovieAssignment/AbstractMovieAssignment/bin/Debug/net5.0/NLog.config
Info Configuration initialized.
Info NLog, Version=5.0.0.0, Culture=neutral, PublicKeyToken=5120e14c03d0593c. File version: 5.0.0.1. Product version: 5.0.0-preview.1+f7730207914733647b60ede7fc2525b3c9598507. GlobalAssemblyCache: False
Info Message Template Auto Format enabled
Info Adding target FileTarget(Name=logfile)
Info Adding target ConsoleTarget(Name=logconsole)
Info Validating config: TargetNames=logfile, logconsole, ConfigItems=26, FilePath=/Users/justinhidalgo/Documents/MovieAssignmentProjects/MovieAssignmentFirst/MovieAssignmentAbstract/AbstractMovieAssignment/AbstractMovieAssignment/bin/Debug/net5.0/NLog.config
Info Configuration initialized.
Info NLog, Version=5.0.0.0, Culture=neutral, PublicKeyToken=5120e14c03d0593c. File version: 5.0.0.1. Product version: 5.0.0-preview.1+f7730207914733647b60ede7fc2525b3c9598507. GlobalAssemblyCache: False
Info Message Template Auto Format enabled
Info Adding target FileTarget(Name=logfile)
Info Adding target ConsoleTarget(Name=logconsole)
Info Validating config: TargetNames=logfile, logconsole, ConfigItems=26, FilePath=/Users/justinhidalgo/Documents/MovieAssignmentProjects/MovieAssignmentFirst/MovieAssignmentAbstract/AbstractMovieAssignment/AbstractMovieAssignment/bin/Debug/net5.0/NLog.config
Info Configuration initialized.
Info NLog, Version=5.0.0.0, Culture=neutral, PublicKeyToken=5120e14c03d0593c. File version: 5.0.0.1. Product version: 5.0.0-preview.1+f7730207914733647b60ede7fc2525b3c9598507. GlobalAssemblyCache: False
Info Message Template Auto Format enabled
Info Adding target FileTarget(Name=logfile)
Info Adding target ConsoleTarget(Name=logconsole)
Info Validating config: TargetNames=logfile, logconsole, ConfigItems=26, FilePath=/Users/justinhidalgo/Documents/MovieAssignmentProjects/MovieAssignmentFirst/MovieAssignmentAbstract/AbstractMovieAssignment/AbstractMovieAssignment/bin/Debug/net5.0/NLog.config
Info Configuration initialized.
Info NLog, Version=5.0.0.0, Culture=neutral, PublicKeyToken=5120e14c03d0593c. File version: 5.0.0.1. Product version: 5.0.0-preview.1+f7730207914733647b60ede7fc2525b3c9598507. GlobalAssemblyCache: False
Info AppDomain Shutting down. Logger closing...
Info Logger has been shut down.
Info Message Template Auto Format enabled
Info Adding target FileTarget(Name=logfile)
Info Adding target ConsoleTarget(Name=logconsole)
Info Validating config: TargetNames=logfile, logconsole, ConfigItems=26, FilePath=/Users/justinhidalgo/Documents/MovieAssignmentProjects/MovieAssignmentFirst/MovieAssignmentAbstract/AbstractMovieAssignment/AbstractMovieAssignment/bin/Debug/net5.0/NLog.config
Info Configuration initialized.
Info NLog, Version=5.0.0.0, Culture=neutral, PublicKeyToken=5120e14c03d0593c. File version: 5.0.0.1. Product version: 5.0.0-preview.1+f7730207914733647b60ede7fc2525b3c9598507. GlobalAssemblyCache: False
Info Message Template Auto Format enabled
Info Adding target FileTarget(Name=logfile)
Info Adding target ConsoleTarget(Name=logconsole)
Info Validating config: TargetNames=logfile, logconsole, ConfigItems=26, FilePath=/Users/justinhidalgo/Documents/MovieAssignmentProjects/MovieAssignmentFirst/MovieAssignmentAbstract/AbstractMovieAssignment/AbstractMovieAssignment/bin/Debug/net5.0/NLog.config
Info Configuration initialized.
Info NLog, Version=5.0.0.0, Culture=neutral, PublicKeyToken=5120e14c03d0593c. File version: 5.0.0.1. Product version: 5.0.0-preview.1+f7730207914733647b60ede7fc2525b3c9598507. GlobalAssemblyCache: False
Info Message Template Auto Format enabled
Info Adding target FileTarget(Name=logfile)
Info Adding target ConsoleTarget(Name=logconsole)
Info Validating config: TargetNames=logfile, logconsole, ConfigItems=26, FilePath=/Users/justinhidalgo/Documents/MovieAssignmentProjects/MovieAssignmentFirst/MovieAssignmentAbstract/AbstractMovieAssignment/AbstractMovieAssignment/bin/Debug/net5.0/NLog.config
Info Configuration initialized.
Info NLog, Version=5.0.0.0, Culture=neutral, PublicKeyToken=5120e14c03d0593c. File version: 5.0.0.1. Product version: 5.0.0-preview.1+f7730207914733647b60ede7fc2525b3c9598507. GlobalAssemblyCache: False
Info Message Template Auto Format enabled
Info Adding target FileTarget(Name=logfile)
Info Adding target ConsoleTarget(Name=logconsole)
Info Validating config: TargetNames=logfile, logconsole, ConfigItems=26, FilePath=/Users/justinhidalgo/Documents/MovieAssignmentProjects/MovieAssignmentFirst/MovieAssignmentAbstract/AbstractMovieAssignment/AbstractMovieAssignment/bin/Debug/net5.0/NLog.config
Info Configuration initialized.
Info NLog, Version=5.0.0.0, Culture=neutral, PublicKeyToken=5120e14c03d0593c. File version: 5.0.0.1. Product version: 5.0.0-preview.1+f7730207914733647b60ede7fc2525b3c9598507. GlobalAssemblyCache: False
Info Message Template Auto Format enabled
Info Adding target FileTarget(Name=logfile)
Info Adding target ConsoleTarget(Name=logconsole)
Info Validating config: TargetNames=logfile, logconsole, ConfigItems=26, FilePath=/Users/justinhidalgo/Documents/MovieAssignmentProjects/MovieAssignmentFirst/MovieAssignmentAbstract/AbstractMovieAssignment/AbstractMovieAssignment/bin/Debug/net5.0/NLog.config
Info Configuration initialized.
Info NLog, Version=5.0.0.0, Culture=neutral, PublicKeyToken=5120e14c03d0593c. File version: 5.0.0.1. Product version: 5.0.0-preview.1+f7730207914733647b60ede7fc2525b3c9598507. GlobalAssemblyCache: False
Info Message Template Auto Format enabled
Info Adding target FileTarget(Name=logfile)
Info Adding target ConsoleTarget(Name=logconsole)
Info Validating config: TargetNames=logfile, logconsole, ConfigItems=26, FilePath=/Users/justinhidalgo/Documents/MovieAssignmentProjects/MovieAssignmentFirst/MovieAssignmentAbstract/AbstractMovieAssignment/AbstractMovieAssignment/bin/Debug/net5.0/NLog.config
Info Configuration initialized.
Info NLog, Version=5.0.0.0, Culture=neutral, PublicKeyToken=5120e14c03d0593c. File version: 5.0.0.1. Product version: 5.0.0-preview.1+f7730207914733647b60ede7fc2525b3c9598507. GlobalAssemblyCache: False
Info Message Template Auto Format enabled
Info Adding target FileTarget(Name=logfile)
Info Adding target ConsoleTarget(Name=logconsole)
Info Validating config: TargetNames=logfile, logconsole, ConfigItems=26, FilePath=/Users/justinhidalgo/Documents/MovieAssignmentProjects/MovieAssignmentFirst/MovieAssignmentAbstract/AbstractMovieAssignment/AbstractMovieAssignment/bin/Debug/net5.0/NLog.config
Info Configuration initialized.
Info NLog, Version=5.0.0.0, Culture=neutral, PublicKeyToken=5120e14c03d0593c. File version: 5.0.0.1. Product version: 5.0.0-preview.1+f7730207914733647b60ede7fc2525b3c9598507. GlobalAssemblyCache: False
Info Message Template Auto Format enabled
Info Adding target FileTarget(Name=logfile)
Info Adding target ConsoleTarget(Name=logconsole)
Info Validating config: TargetNames=logfile, logconsole, ConfigItems=26, FilePath=/Users/justinhidalgo/Documents/MovieAssignmentProjects/MovieAssignmentFirst/MovieAssignmentAbstract/AbstractMovieAssignment/AbstractMovieAssignment/bin/Debug/net5.0/NLog.config
Info Configuration initialized.
Info NLog, Version=5.0.0.0, Culture=neutral, PublicKeyToken=5120e14c03d0593c. File version: 5.0.0.1. Product version: 5.0.0-preview.1+f7730207914733647b60ede7fc2525b3c9598507. GlobalAssemblyCache: False
Info Message Template Auto Format enabled
Info Adding target FileTarget(Name=logfile)
Info Adding target ConsoleTarget(Name=logconsole)
Info Validating config: TargetNames=logfile, logconsole, ConfigItems=26, FilePath=/Users/justinhidalgo/Documents/MovieAssignmentProjects/MovieAssignmentFirst/MovieAssignmentAbstract/AbstractMovieAssignment/AbstractMovieAssignment/bin/Debug/net5.0/NLog.config
Info Configuration initialized.
Info NLog, Version=5.0.0.0, Culture=neutral, PublicKeyToken=5120e14c03d0593c. File version: 5.0.0.1. Product version: 5.0.0-preview.1+f7730207914733647b60ede7fc2525b3c9598507. GlobalAssemblyCache: False
Info Message Template Auto Format enabled
Info Adding target FileTarget(Name=logfile)
Info Adding target ConsoleTarget(Name=logconsole)
Info Validating config: TargetNames=logfile, logconsole, ConfigItems=26, FilePath=/Users/justinhidalgo/Documents/MovieAssignmentProjects/MovieAssignmentFirst/MovieAssignmentAbstract/AbstractMovieAssignment/AbstractMovieAssignment/bin/Debug/net5.0/NLog.config
Info Configuration initialized.
Info NLog, Version=5.0.0.0, Culture=neutral, PublicKeyToken=5120e14c03d0593c. File version: 5.0.0.1. Product version: 5.0.0-preview.1+f7730207914733647b60ede7fc2525b3c9598507. GlobalAssemblyCache: False
Info Message Template Auto Format enabled
Info Adding target FileTarget(Name=logfile)
Info Adding target ConsoleTarget(Name=logconsole)
Info Validating config: TargetNames=logfile, logconsole, ConfigItems=26, FilePath=/Users/justinhidalgo/Documents/MovieAssignmentProjects/MovieAssignmentFirst/MovieAssignmentAbstract/AbstractMovieAssignment/AbstractMovieAssignment/bin/Debug/net5.0/NLog.config
Info Configuration initialized.
Info NLog, Version=5.0.0.0, Culture=neutral, PublicKeyToken=5120e14c03d0593c. File version: 5.0.0.1. Product version: 5.0.0-preview.1+f7730207914733647b60ede7fc2525b3c9598507. GlobalAssemblyCache: False
Info Message Template Auto Format enabled
Info Adding target FileTarget(Name=logfile)
Info Adding target ConsoleTarget(Name=logconsole)
Info Validating config: TargetNames=logfile, logconsole, ConfigItems=26, FilePath=/Users/justinhidalgo/Documents/MovieAssignmentProjects/MovieAssignmentFirst/MovieAssignmentAbstract/AbstractMovieAssignment/AbstractMovieAssignment/bin/Debug/net5.0/NLog.config
Info Configuration initialized.
Info NLog, Version=5.0.0.0, Culture=neutral, PublicKeyToken=5120e14c03d0593c. File version: 5.0.0.1. Product version: 5.0.0-preview.1+f7730207914733647b60ede7fc2525b3c9598507. GlobalAssemblyCache: False
Info Message Template Auto Format enabled
Info Adding target FileTarget(Name=logfile)
Info Adding target ConsoleTarget(Name=logconsole)
Info Validating config: TargetNames=logfile, logconsole, ConfigItems=26, FilePath=/Users/justinhidalgo/Documents/MovieAssignmentProjects/MovieAssignmentFirst/MovieAssignmentAbstract/AbstractMovieAssignment/AbstractMovieAssignment/bin/Debug/net5.0/NLog.config
Info Configuration initialized.
Info NLog, Version=5.0.0.0, Culture=neutral, PublicKeyToken=5120e14c03d0593c. File version: 5.0.0.1. Product version: 5.0.0-preview.1+f7730207914733647b60ede7fc2525b3c9598507. GlobalAssemblyCache: False
Info AppDomain Shutting down. Logger closing...
Info Logger has been shut down.
Info Message Template Auto Format enabled
Info Adding target FileTarget(Name=logfile)
Info Adding target ConsoleTarget(Name=logconsole)
Info Validating config: TargetNames=logfile, logconsole, ConfigItems=26, FilePath=/Users/justinhidalgo/Documents/MovieAssignmentProjects/MovieAssignmentFirst/MovieAssignmentAbstract/AbstractMovieAssignment/AbstractMovieAssignment/bin/Debug/net5.0/NLog.config
Info Configuration initialized.
Info NLog, Version=5.0.0.0, Culture=neutral, PublicKeyToken=5120e14c03d0593c. File version: 5.0.0.1. Product version: 5.0.0-preview.1+f7730207914733647b60ede7fc2525b3c9598507. GlobalAssemblyCache: False
Info Message Template Auto Format enabled
Info Adding target FileTarget(Name=logfile)
Info Adding target ConsoleTarget(Name=logconsole)
Info Validating config: TargetNames=logfile, logconsole, ConfigItems=26, FilePath=/Users/justinhidalgo/Documents/MovieAssignmentProjects/MovieAssignmentFirst/MovieAssignmentAbstract/AbstractMovieAssignment/AbstractMovieAssignment/bin/Debug/net5.0/NLog.config
Info Configuration initialized.
Info NLog, Version=5.0.0.0, Culture=neutral, PublicKeyToken=5120e14c03d0593c. File version: 5.0.0.1. Product version: 5.0.0-preview.1+f7730207914733647b60ede7fc2525b3c9598507. GlobalAssemblyCache: False
Info AppDomain Shutting down. Logger closing...
Info Logger has been shut down.
Info Message Template Auto Format enabled
Info Adding target FileTarget(Name=logfile)
Info Adding target ConsoleTarget(Name=logconsole)
Info Validating config: TargetNames=logfile, logconsole, ConfigItems=26, FilePath=/Users/justinhidalgo/Documents/MovieAssignmentProjects/MovieAssignmentFirst/MovieAssignmentAbstract/AbstractMovieAssignment/AbstractMovieAssignment/bin/Debug/net5.0/NLog.config
Info Configuration initialized.
Info NLog, Version=5.0.0.0, Culture=neutral, PublicKeyToken=5120e14c03d0593c. File version: 5.0.0.1. Product version: 5.0.0-preview.1+f7730207914733647b60ede7fc2525b3c9598507. GlobalAssemblyCache: False
Info Message Template Auto Format enabled
Info Adding target FileTarget(Name=logfile)
Info Adding target ConsoleTarget(Name=logconsole)
Info Validating config: TargetNames=logfile, logconsole, ConfigItems=26, FilePath=/Users/justinhidalgo/Documents/MovieAssignmentProjects/MovieAssignmentFirst/MovieAssignmentAbstract/AbstractMovieAssignment/AbstractMovieAssignment/bin/Debug/net5.0/NLog.config
Info Configuration initialized.
Info NLog, Version=5.0.0.0, Culture=neutral, PublicKeyToken=5120e14c03d0593c. File version: 5.0.0.1. Product version: 5.0.0-preview.1+f7730207914733647b60ede7fc2525b3c9598507. GlobalAssemblyCache: False
Info Message Template Auto Format enabled
Info Adding target FileTarget(Name=logfile)
Info Adding target ConsoleTarget(Name=logconsole)
Info Validating config: TargetNames=logfile, logconsole, ConfigItems=26, FilePath=/Users/justinhidalgo/Documents/MovieAssignmentProjects/MovieAssignmentFirst/MovieAssignmentAbstract/AbstractMovieAssignment/AbstractMovieAssignment/bin/Debug/net5.0/NLog.config
Info Configuration initialized.
Info NLog, Version=5.0.0.0, Culture=neutral, PublicKeyToken=5120e14c03d0593c. File version: 5.0.0.1. Product version: 5.0.0-preview.1+f7730207914733647b60ede7fc2525b3c9598507. GlobalAssemblyCache: False
Info Message Template Auto Format enabled
Info Adding target FileTarget(Name=logfile)
Info Adding target ConsoleTarget(Name=logconsole)
Info Validating config: TargetNames=logfile, logconsole, ConfigItems=26, FilePath=/Users/justinhidalgo/Documents/MovieAssignmentProjects/MovieAssignmentFirst/MovieAssignmentAbstract/AbstractMovieAssignment/AbstractMovieAssignment/bin/Debug/net5.0/NLog.config
Info Configuration initialized.
Info NLog, Version=5.0.0.0, Culture=neutral, PublicKeyToken=5120e14c03d0593c. File version: 5.0.0.1. Product version: 5.0.0-preview.1+f7730207914733647b60ede7fc2525b3c9598507. GlobalAssemblyCache: False
Info Message Template Auto Format enabled
Info Adding target FileTarget(Name=logfile)
Info Adding target ConsoleTarget(Name=logconsole)
Info Validating config: TargetNames=logfile, logconsole, ConfigItems=26, FilePath=/Users/justinhidalgo/Documents/MovieAssignmentProjects/MovieAssignmentFirst/MovieAssignmentAbstract/AbstractMovieAssignment/AbstractMovieAssignment/bin/Debug/net5.0/NLog.config
Info Configuration initialized.
Info NLog, Version=5.0.0.0, Culture=neutral, PublicKeyToken=5120e14c03d0593c. File version: 5.0.0.1. Product version: 5.0.0-preview.1+f7730207914733647b60ede7fc2525b3c9598507. GlobalAssemblyCache: False
Info Message Template Auto Format enabled
Info Adding target FileTarget(Name=logfile)
Info Adding target ConsoleTarget(Name=logconsole)
Info Validating config: TargetNames=logfile, logconsole, ConfigItems=26, FilePath=/Users/justinhidalgo/Documents/MovieAssignmentProjects/MovieAssignmentFirst/MovieAssignmentAbstract/AbstractMovieAssignment/AbstractMovieAssignment/bin/Debug/net5.0/NLog.config
Info Configuration initialized.
Info NLog, Version=5.0.0.0, Culture=neutral, PublicKeyToken=5120e14c03d0593c. File version: 5.0.0.1. Product version: 5.0.0-preview.1+f7730207914733647b60ede7fc2525b3c9598507. GlobalAssemblyCache: False
Info Message Template Auto Format enabled
Info Adding target FileTarget(Name=logfile)
Info Adding target ConsoleTarget(Name=logconsole)
Info Validating config: TargetNames=logfile, logconsole, ConfigItems=26, FilePath=/Users/justinhidalgo/Documents/MovieAssignmentProjects/MovieAssignmentFirst/MovieAssignmentAbstract/AbstractMovieAssignment/AbstractMovieAssignment/bin/Debug/net5.0/NLog.config
Info Configuration initialized.
Info NLog, Version=5.0.0.0, Culture=neutral, PublicKeyToken=5120e14c03d0593c. File version: 5.0.0.1. Product version: 5.0.0-preview.1+f7730207914733647b60ede7fc2525b3c9598507. GlobalAssemblyCache: False
Info Message Template Auto Format enabled
Info Adding target FileTarget(Name=logfile)
Info Adding target ConsoleTarget(Name=logconsole)
Info Validating config: TargetNames=logfile, logconsole, ConfigItems=26, FilePath=/Users/justinhidalgo/Documents/MovieAssignmentProjects/MovieAssignmentFirst/MovieAssignmentAbstract/AbstractMovieAssignment/AbstractMovieAssignment/bin/Debug/net5.0/NLog.config
Info Configuration initialized.
Info NLog, Version=5.0.0.0, Culture=neutral, PublicKeyToken=5120e14c03d0593c. File version: 5.0.0.1. Product version: 5.0.0-preview.1+f7730207914733647b60ede7fc2525b3c9598507. GlobalAssemblyCache: False
Info Message Template Auto Format enabled
Info Adding target FileTarget(Name=logfile)
Info Adding target ConsoleTarget(Name=logconsole)
Info Validating config: TargetNames=logfile, logconsole, ConfigItems=26, FilePath=/Users/justinhidalgo/Documents/MovieAssignmentProjects/MovieAssignmentFirst/MovieAssignmentAbstract/AbstractMovieAssignment/AbstractMovieAssignment/bin/Debug/net5.0/NLog.config
Info Configuration initialized.
Info NLog, Version=5.0.0.0, Culture=neutral, PublicKeyToken=5120e14c03d0593c. File version: 5.0.0.1. Product version: 5.0.0-preview.1+f7730207914733647b60ede7fc2525b3c9598507. GlobalAssemblyCache: False
Info Message Template Auto Format enabled
Info Adding target FileTarget(Name=logfile)
Info Adding target ConsoleTarget(Name=logconsole)
Info Validating config: TargetNames=logfile, logconsole, ConfigItems=26, FilePath=/Users/justinhidalgo/Documents/MovieAssignmentProjects/MovieAssignmentFirst/MovieAssignmentAbstract/AbstractMovieAssignment/AbstractMovieAssignment/bin/Debug/net5.0/NLog.config
Info Configuration initialized.
Info NLog, Version=5.0.0.0, Culture=neutral, PublicKeyToken=5120e14c03d0593c. File version: 5.0.0.1. Product version: 5.0.0-preview.1+f7730207914733647b60ede7fc2525b3c9598507. GlobalAssemblyCache: False
Info Message Template Auto Format enabled
Info Adding target FileTarget(Name=logfile)
Info Adding target ConsoleTarget(Name=logconsole)
Info Validating config: TargetNames=logfile, logconsole, ConfigItems=26, FilePath=/Users/justinhidalgo/Documents/MovieAssignmentProjects/MovieAssignmentFirst/MovieAssignmentAbstract/AbstractMovieAssignment/AbstractMovieAssignment/bin/Debug/net5.0/NLog.config
Info Configuration initialized.
Info NLog, Version=5.0.0.0, Culture=neutral, PublicKeyToken=5120e14c03d0593c. File version: 5.0.0.1. Product version: 5.0.0-preview.1+f7730207914733647b60ede7fc2525b3c9598507. GlobalAssemblyCache: False
Info Message Template Auto Format enabled
Info Adding target FileTarget(Name=logfile)
Info Adding target ConsoleTarget(Name=logconsole)
Info Validating config: TargetNames=logfile, logconsole, ConfigItems=26, FilePath=/Users/justinhidalgo/Documents/MovieAssignmentProjects/MovieAssignmentFirst/MovieAssignmentAbstract/AbstractMovieAssignment/AbstractMovieAssignment/bin/Debug/net5.0/NLog.config
Info Configuration initialized.
Info NLog, Version=5.0.0.0, Culture=neutral, PublicKeyToken=5120e14c03d0593c. File version: 5.0.0.1. Product version: 5.0.0-preview.1+f7730207914733647b60ede7fc2525b3c9598507. GlobalAssemblyCache: False
Info Message Template Auto Format enabled
Info Adding target FileTarget(Name=logfile)
Info Adding target ConsoleTarget(Name=logconsole)
Info Validating config: TargetNames=logfile, logconsole, ConfigItems=26, FilePath=/Users/justinhidalgo/Documents/MovieAssignmentProjects/MovieAssignmentFirst/MovieAssignmentAbstract/AbstractMovieAssignment/AbstractMovieAssignment/bin/Debug/net5.0/NLog.config
Info Configuration initialized.
Info NLog, Version=5.0.0.0, Culture=neutral, PublicKeyToken=5120e14c03d0593c. File version: 5.0.0.1. Product version: 5.0.0-preview.1+f7730207914733647b60ede7fc2525b3c9598507. GlobalAssemblyCache: False
Info Message Template Auto Format enabled
Info Adding target FileTarget(Name=logfile)
Info Adding target ConsoleTarget(Name=logconsole)
Info Validating config: TargetNames=logfile, logconsole, ConfigItems=26, FilePath=/Users/justinhidalgo/Documents/MovieAssignmentProjects/MovieAssignmentFirst/MovieAssignmentAbstract/AbstractMovieAssignment/AbstractMovieAssignment/bin/Debug/net5.0/NLog.config
Info Configuration initialized.
Info NLog, Version=5.0.0.0, Culture=neutral, PublicKeyToken=5120e14c03d0593c. File version: 5.0.0.1. Product version: 5.0.0-preview.1+f7730207914733647b60ede7fc2525b3c9598507. GlobalAssemblyCache: False
Info AppDomain Shutting down. Logger closing...
Info Logger has been shut down.
Info Message Template Auto Format enabled
Info Adding target FileTarget(Name=logfile)
Info Adding target ConsoleTarget(Name=logconsole)
Info Validating config: TargetNames=logfile, logconsole, ConfigItems=26, FilePath=/Users/justinhidalgo/Documents/MovieAssignmentProjects/MovieAssignmentFirst/MovieAssignmentAbstract/AbstractMovieAssignment/AbstractMovieAssignment/bin/Debug/net5.0/NLog.config
Info Configuration initialized.
Info NLog, Version=5.0.0.0, Culture=neutral, PublicKeyToken=5120e14c03d0593c. File version: 5.0.0.1. Product version: 5.0.0-preview.1+f7730207914733647b60ede7fc2525b3c9598507. GlobalAssemblyCache: False
Info Message Template Auto Format enabled
Info Adding target FileTarget(Name=logfile)
Info Adding target ConsoleTarget(Name=logconsole)
Info Validating config: TargetNames=logfile, logconsole, ConfigItems=26, FilePath=/Users/justinhidalgo/Documents/MovieAssignmentProjects/MovieAssignmentFirst/MovieAssignmentAbstract/AbstractMovieAssignment/AbstractMovieAssignment/bin/Debug/net5.0/NLog.config
Info Configuration initialized.
Info NLog, Version=5.0.0.0, Culture=neutral, PublicKeyToken=5120e14c03d0593c. File version: 5.0.0.1. Product version: 5.0.0-preview.1+f7730207914733647b60ede7fc2525b3c9598507. GlobalAssemblyCache: False
Info Message Template Auto Format enabled
Info Adding target FileTarget(Name=logfile)
Info Adding target ConsoleTarget(Name=logconsole)
Info Validating config: TargetNames=logfile, logconsole, ConfigItems=26, FilePath=/Users/justinhidalgo/Documents/MovieAssignmentProjects/MovieAssignmentFirst/MovieAssignmentAbstract/AbstractMovieAssignment/AbstractMovieAssignment/bin/Debug/net5.0/NLog.config
Info Configuration initialized.
Info NLog, Version=5.0.0.0, Culture=neutral, PublicKeyToken=5120e14c03d0593c. File version: 5.0.0.1. Product version: 5.0.0-preview.1+f7730207914733647b60ede7fc2525b3c9598507. GlobalAssemblyCache: False
Info Message Template Auto Format enabled
Info Adding target FileTarget(Name=logfile)
Info Adding target ConsoleTarget(Name=logconsole)
Info Validating config: TargetNames=logfile, logconsole, ConfigItems=26, FilePath=/Users/justinhidalgo/Documents/MovieAssignmentProjects/MovieAssignmentFirst/MovieAssignmentAbstract/AbstractMovieAssignment/AbstractMovieAssignment/bin/Debug/net5.0/NLog.config
Info Configuration initialized.
Info NLog, Version=5.0.0.0, Culture=neutral, PublicKeyToken=5120e14c03d0593c. File version: 5.0.0.1. Product version: 5.0.0-preview.1+f7730207914733647b60ede7fc2525b3c9598507. GlobalAssemblyCache: False
Info Message Template Auto Format enabled
Info Adding target FileTarget(Name=logfile)
Info Adding target ConsoleTarget(Name=logconsole)
Info Validating config: TargetNames=logfile, logconsole, ConfigItems=26, FilePath=/Users/justinhidalgo/Documents/MovieAssignmentProjects/MovieAssignmentFirst/MovieAssignmentAbstract/AbstractMovieAssignment/AbstractMovieAssignment/bin/Debug/net5.0/NLog.config
Info Configuration initialized.
Info NLog, Version=5.0.0.0, Culture=neutral, PublicKeyToken=5120e14c03d0593c. File version: 5.0.0.1. Product version: 5.0.0-preview.1+f7730207914733647b60ede7fc2525b3c9598507. GlobalAssemblyCache: False
Info Message Template Auto Format enabled
Info Adding target FileTarget(Name=logfile)
Info Adding target ConsoleTarget(Name=logconsole)
Info Validating config: TargetNames=logfile, logconsole, ConfigItems=26, FilePath=/Users/justinhidalgo/Documents/MovieAssignmentProjects/MovieAssignmentFirst/MovieAssignmentAbstract/AbstractMovieAssignment/AbstractMovieAssignment/bin/Debug/net5.0/NLog.config
Info Configuration initialized.
Info NLog, Version=5.0.0.0, Culture=neutral, PublicKeyToken=5120e14c03d0593c. File version: 5.0.0.1. Product version: 5.0.0-preview.1+f7730207914733647b60ede7fc2525b3c9598507. GlobalAssemblyCache: False
Info Message Template Auto Format enabled
Info Adding target FileTarget(Name=logfile)
Info Adding target ConsoleTarget(Name=logconsole)
Info Validating config: TargetNames=logfile, logconsole, ConfigItems=26, FilePath=/Users/justinhidalgo/Documents/MovieAssignmentProjects/MovieAssignmentFirst/MovieAssignmentAbstract/AbstractMovieAssignment/AbstractMovieAssignment/bin/Debug/net5.0/NLog.config
Info Configuration initialized.
Info NLog, Version=5.0.0.0, Culture=neutral, PublicKeyToken=5120e14c03d0593c. File version: 5.0.0.1. Product version: 5.0.0-preview.1+f7730207914733647b60ede7fc2525b3c9598507. GlobalAssemblyCache: False
Info Message Template Auto Format enabled
Info Adding target FileTarget(Name=logfile)
Info Adding target ConsoleTarget(Name=logconsole)
Info Validating config: TargetNames=logfile, logconsole, ConfigItems=26, FilePath=/Users/justinhidalgo/Documents/MovieAssignmentProjects/MovieAssignmentFirst/MovieAssignmentAbstract/AbstractMovieAssignment/AbstractMovieAssignment/bin/Debug/net5.0/NLog.config
Info Configuration initialized.
Info NLog, Version=5.0.0.0, Culture=neutral, PublicKeyToken=5120e14c03d0593c. File version: 5.0.0.1. Product version: 5.0.0-preview.1+f7730207914733647b60ede7fc2525b3c9598507. GlobalAssemblyCache: False
Info Message Template Auto Format enabled
Info Adding target FileTarget(Name=logfile)
Info Adding target ConsoleTarget(Name=logconsole)
Info Validating config: TargetNames=logfile, logconsole, ConfigItems=26, FilePath=/Users/justinhidalgo/Documents/MovieAssignmentProjects/MovieAssignmentFirst/MovieAssignmentAbstract/AbstractMovieAssignment/AbstractMovieAssignment/bin/Debug/net5.0/NLog.config
Info Configuration initialized.
Info NLog, Version=5.0.0.0, Culture=neutral, PublicKeyToken=5120e14c03d0593c. File version: 5.0.0.1. Product version: 5.0.0-preview.1+f7730207914733647b60ede7fc2525b3c9598507. GlobalAssemblyCache: False
Info AppDomain Shutting down. Logger closing...
Info Logger has been shut down.
Info Message Template Auto Format enabled
Info Adding target FileTarget(Name=logfile)
Info Adding target ConsoleTarget(Name=logconsole)
Info Validating config: TargetNames=logfile, logconsole, ConfigItems=26, FilePath=/Users/justinhidalgo/Documents/MovieAssignmentProjects/MovieAssignmentFirst/MovieAssignmentAbstract/AbstractMovieAssignment/AbstractMovieAssignment/bin/Debug/net5.0/NLog.config
Info Configuration initialized.
Info NLog, Version=5.0.0.0, Culture=neutral, PublicKeyToken=5120e14c03d0593c. File version: 5.0.0.1. Product version: 5.0.0-preview.1+f7730207914733647b60ede7fc2525b3c9598507. GlobalAssemblyCache: False
Info AppDomain Shutting down. Logger closing...
Info Logger has been shut down.
Info Message Template Auto Format enabled
Info Adding target FileTarget(Name=logfile)
Info Adding target ConsoleTarget(Name=logconsole)
Info Validating config: TargetNames=logfile, logconsole, ConfigItems=26, FilePath=/Users/justinhidalgo/Documents/MovieAssignmentProjects/MovieAssignmentFirst/MovieAssignmentAbstract/AbstractMovieAssignment/AbstractMovieAssignment/bin/Debug/net5.0/NLog.config
Info Configuration initialized.
Info NLog, Version=5.0.0.0, Culture=neutral, PublicKeyToken=5120e14c03d0593c. File version: 5.0.0.1. Product version: 5.0.0-preview.1+f7730207914733647b60ede7fc2525b3c9598507. GlobalAssemblyCache: False
Info Message Template Auto Format enabled
Info Adding target FileTarget(Name=logfile)
Info Adding target ConsoleTarget(Name=logconsole)
Info Validating config: TargetNames=logfile, logconsole, ConfigItems=26, FilePath=/Users/justinhidalgo/Documents/MovieAssignmentProjects/MovieAssignmentFirst/MovieAssignmentAbstract/AbstractMovieAssignment/AbstractMovieAssignment/bin/Debug/net5.0/NLog.config
Info Configuration initialized.
Info NLog, Version=5.0.0.0, Culture=neutral, PublicKeyToken=5120e14c03d0593c. File version: 5.0.0.1. Product version: 5.0.0-preview.1+f7730207914733647b60ede7fc2525b3c9598507. GlobalAssemblyCache: False
Info Message Template Auto Format enabled
Info Adding target FileTarget(Name=logfile)
Info Adding target ConsoleTarget(Name=logconsole)
Info Validating config: TargetNames=logfile, logconsole, ConfigItems=26, FilePath=/Users/justinhidalgo/Documents/MovieAssignmentProjects/MovieAssignmentFirst/MovieAssignmentAbstract/AbstractMovieAssignment/AbstractMovieAssignment/bin/Debug/net5.0/NLog.config
Info Configuration initialized.
Info NLog, Version=5.0.0.0, Culture=neutral, PublicKeyToken=5120e14c03d0593c. File version: 5.0.0.1. Product version: 5.0.0-preview.1+f7730207914733647b60ede7fc2525b3c9598507. GlobalAssemblyCache: False
Info Message Template Auto Format enabled
Info Adding target FileTarget(Name=logfile)
Info Adding target ConsoleTarget(Name=logconsole)
Info Validating config: TargetNames=logfile, logconsole, ConfigItems=26, FilePath=/Users/justinhidalgo/Documents/MovieAssignmentProjects/MovieAssignmentFirst/MovieAssignmentAbstract/AbstractMovieAssignment/AbstractMovieAssignment/bin/Debug/net5.0/NLog.config
Info Configuration initialized.
Info NLog, Version=5.0.0.0, Culture=neutral, PublicKeyToken=5120e14c03d0593c. File version: 5.0.0.1. Product version: 5.0.0-preview.1+f7730207914733647b60ede7fc2525b3c9598507. GlobalAssemblyCache: False
Info AppDomain Shutting down. Logger closing...
Info Logger has been shut down.
Info Message Template Auto Format enabled
Info Adding target FileTarget(Name=logfile)
Info Adding target ConsoleTarget(Name=logconsole)
Info Validating config: TargetNames=logfile, logconsole, ConfigItems=26, FilePath=/Users/justinhidalgo/Documents/MovieAssignmentProjects/MovieAssignmentFirst/MovieAssignmentAbstract/AbstractMovieAssignment/AbstractMovieAssignment/bin/Debug/net5.0/NLog.config
Info Configuration initialized.
Info NLog, Version=5.0.0.0, Culture=neutral, PublicKeyToken=5120e14c03d0593c. File version: 5.0.0.1. Product version: 5.0.0-preview.1+f7730207914733647b60ede7fc2525b3c9598507. GlobalAssemblyCache: False
Info Message Template Auto Format enabled
Info Adding target FileTarget(Name=logfile)
Info Adding target ConsoleTarget(Name=logconsole)
Info Validating config: TargetNames=logfile, logconsole, ConfigItems=26, FilePath=/Users/justinhidalgo/Documents/MovieAssignmentProjects/MovieAssignmentFirst/MovieAssignmentAbstract/AbstractMovieAssignment/AbstractMovieAssignment/bin/Debug/net5.0/NLog.config
Info Configuration initialized.
Info NLog, Version=5.0.0.0, Culture=neutral, PublicKeyToken=5120e14c03d0593c. File version: 5.0.0.1. Product version: 5.0.0-preview.1+f7730207914733647b60ede7fc2525b3c9598507. GlobalAssemblyCache: False
Info Message Template Auto Format enabled
Info Adding target FileTarget(Name=logfile)
Info Adding target ConsoleTarget(Name=logconsole)
Info Validating config: TargetNames=logfile, logconsole, ConfigItems=26, FilePath=/Users/justinhidalgo/Documents/MovieAssignmentProjects/MovieAssignmentFirst/MovieAssignmentAbstract/AbstractMovieAssignment/AbstractMovieAssignment/bin/Debug/net5.0/NLog.config
Info Configuration initialized.
Info NLog, Version=5.0.0.0, Culture=neutral, PublicKeyToken=5120e14c03d0593c. File version: 5.0.0.1. Product version: 5.0.0-preview.1+f7730207914733647b60ede7fc2525b3c9598507. GlobalAssemblyCache: False
Info Message Template Auto Format enabled
Info Adding target FileTarget(Name=logfile)
Info Adding target ConsoleTarget(Name=logconsole)
Info Validating config: TargetNames=logfile, logconsole, ConfigItems=26, FilePath=/Users/justinhidalgo/Documents/MovieAssignmentProjects/MovieAssignmentFirst/MovieAssignmentAbstract/AbstractMovieAssignment/AbstractMovieAssignment/bin/Debug/net5.0/NLog.config
Info Configuration initialized.
Info NLog, Version=5.0.0.0, Culture=neutral, PublicKeyToken=5120e14c03d0593c. File version: 5.0.0.1. Product version: 5.0.0-preview.1+f7730207914733647b60ede7fc2525b3c9598507. GlobalAssemblyCache: False
Info AppDomain Shutting down. Logger closing...
Info Logger has been shut down.
Info Message Template Auto Format enabled
Info Adding target FileTarget(Name=logfile)
Info Adding target ConsoleTarget(Name=logconsole)
Info Validating config: TargetNames=logfile, logconsole, ConfigItems=26, FilePath=/Users/justinhidalgo/Documents/MovieAssignmentProjects/MovieAssignmentFirst/MovieAssignmentAbstract/AbstractMovieAssignment/AbstractMovieAssignment/bin/Debug/net5.0/NLog.config
Info Configuration initialized.
Info NLog, Version=5.0.0.0, Culture=neutral, PublicKeyToken=5120e14c03d0593c. File version: 5.0.0.1. Product version: 5.0.0-preview.1+f7730207914733647b60ede7fc2525b3c9598507. GlobalAssemblyCache: False
Info Message Template Auto Format enabled
Info Adding target FileTarget(Name=logfile)
Info Adding target ConsoleTarget(Name=logconsole)
Info Validating config: TargetNames=logfile, logconsole, ConfigItems=26, FilePath=/Users/justinhidalgo/Documents/MovieAssignmentProjects/MovieAssignmentFirst/MovieAssignmentAbstract/AbstractMovieAssignment/AbstractMovieAssignment/bin/Debug/net5.0/NLog.config
Info Configuration initialized.
Info NLog, Version=5.0.0.0, Culture=neutral, PublicKeyToken=5120e14c03d0593c. File version: 5.0.0.1. Product version: 5.0.0-preview.1+f7730207914733647b60ede7fc2525b3c9598507. GlobalAssemblyCache: False
Info Message Template Auto Format enabled
Info Adding target FileTarget(Name=logfile)
Info Adding target ConsoleTarget(Name=logconsole)
Info Validating config: TargetNames=logfile, logconsole, ConfigItems=26, FilePath=/Users/justinhidalgo/Documents/MovieAssignmentProjects/MovieAssignmentFirst/MovieAssignmentAbstract/AbstractMovieAssignment/AbstractMovieAssignment/bin/Debug/net5.0/NLog.config
Info Configuration initialized.
Info NLog, Version=5.0.0.0, Culture=neutral, PublicKeyToken=5120e14c03d0593c. File version: 5.0.0.1. Product version: 5.0.0-preview.1+f7730207914733647b60ede7fc2525b3c9598507. GlobalAssemblyCache: False
Info Message Template Auto Format enabled
Info Adding target FileTarget(Name=logfile)
Info Adding target ConsoleTarget(Name=logconsole)
Info Validating config: TargetNames=logfile, logconsole, ConfigItems=26, FilePath=/Users/justinhidalgo/Documents/MovieAssignmentProjects/MovieAssignmentFirst/MovieAssignmentAbstract/AbstractMovieAssignment/AbstractMovieAssignment/bin/Debug/net5.0/NLog.config
Info Configuration initialized.
Info NLog, Version=5.0.0.0, Culture=neutral, PublicKeyToken=5120e14c03d0593c. File version: 5.0.0.1. Product version: 5.0.0-preview.1+f7730207914733647b60ede7fc2525b3c9598507. GlobalAssemblyCache: False
Info Message Template Auto Format enabled
Info Adding target FileTarget(Name=logfile)
Info Adding target ConsoleTarget(Name=logconsole)
Info Validating config: TargetNames=logfile, logconsole, ConfigItems=26, FilePath=/Users/justinhidalgo/Documents/MovieAssignmentProjects/MovieAssignmentFirst/MovieAssignmentAbstract/AbstractMovieAssignment/AbstractMovieAssignment/bin/Debug/net5.0/NLog.config
Info Configuration initialized.
Info NLog, Version=5.0.0.0, Culture=neutral, PublicKeyToken=5120e14c03d0593c. File version: 5.0.0.1. Product version: 5.0.0-preview.1+f7730207914733647b60ede7fc2525b3c9598507. GlobalAssemblyCache: False
Info AppDomain Shutting down. Logger closing...
Info Logger has been shut down.
Info Message Template Auto Format enabled
Info Adding target FileTarget(Name=logfile)
Info Adding target ConsoleTarget(Name=logconsole)
Info Validating config: TargetNames=logfile, logconsole, ConfigItems=26, FilePath=/Users/justinhidalgo/Documents/MovieAssignmentProjects/MovieAssignmentFirst/MovieAssignmentAbstract/AbstractMovieAssignment/AbstractMovieAssignment/bin/Debug/net5.0/NLog.config
Info Configuration initialized.
Info NLog, Version=5.0.0.0, Culture=neutral, PublicKeyToken=5120e14c03d0593c. File version: 5.0.0.1. Product version: 5.0.0-preview.1+f7730207914733647b60ede7fc2525b3c9598507. GlobalAssemblyCache: False
Info Message Template Auto Format enabled
Info Adding target FileTarget(Name=logfile)
Info Adding target ConsoleTarget(Name=logconsole)
Info Validating config: TargetNames=logfile, logconsole, ConfigItems=26, FilePath=/Users/justinhidalgo/Documents/MovieAssignmentProjects/MovieAssignmentFirst/MovieAssignmentAbstract/AbstractMovieAssignment/AbstractMovieAssignment/bin/Debug/net5.0/NLog.config
Info Configuration initialized.
Info NLog, Version=5.0.0.0, Culture=neutral, PublicKeyToken=5120e14c03d0593c. File version: 5.0.0.1. Product version: 5.0.0-preview.1+f7730207914733647b60ede7fc2525b3c9598507. GlobalAssemblyCache: False
Info Message Template Auto Format enabled
Info Adding target FileTarget(Name=logfile)
Info Adding target ConsoleTarget(Name=logconsole)
Info Validating config: TargetNames=logfile, logconsole, ConfigItems=26, FilePath=/Users/justinhidalgo/Documents/MovieAssignmentProjects/MovieAssignmentFirst/MovieAssignmentAbstract/AbstractMovieAssignment/AbstractMovieAssignment/bin/Debug/net5.0/NLog.config
Info Configuration initialized.
Info NLog, Version=5.0.0.0, Culture=neutral, PublicKeyToken=5120e14c03d0593c. File version: 5.0.0.1. Product version: 5.0.0-preview.1+f7730207914733647b60ede7fc2525b3c9598507. GlobalAssemblyCache: False
Info Message Template Auto Format enabled
Info Adding target FileTarget(Name=logfile)
Info Adding target ConsoleTarget(Name=logconsole)
Info Validating config: TargetNames=logfile, logconsole, ConfigItems=26, FilePath=/Users/justinhidalgo/Documents/MovieAssignmentProjects/MovieAssignmentFirst/MovieAssignmentAbstract/AbstractMovieAssignment/AbstractMovieAssignment/bin/Debug/net5.0/NLog.config
Info Configuration initialized.
Info NLog, Version=5.0.0.0, Culture=neutral, PublicKeyToken=5120e14c03d0593c. File version: 5.0.0.1. Product version: 5.0.0-preview.1+f7730207914733647b60ede7fc2525b3c9598507. GlobalAssemblyCache: False
Info Message Template Auto Format enabled
Info Adding target FileTarget(Name=logfile)
Info Adding target ConsoleTarget(Name=logconsole)
Info Validating config: TargetNames=logfile, logconsole, ConfigItems=26, FilePath=/Users/justinhidalgo/Documents/MovieAssignmentProjects/MovieAssignmentFirst/MovieAssignmentAbstract/AbstractMovieAssignment/AbstractMovieAssignment/bin/Debug/net5.0/NLog.config
Info Configuration initialized.
Info NLog, Version=5.0.0.0, Culture=neutral, PublicKeyToken=5120e14c03d0593c. File version: 5.0.0.1. Product version: 5.0.0-preview.1+f7730207914733647b60ede7fc2525b3c9598507. GlobalAssemblyCache: False
Info Message Template Auto Format enabled
Info Adding target FileTarget(Name=logfile)
Info Adding target ConsoleTarget(Name=logconsole)
Info Validating config: TargetNames=logfile, logconsole, ConfigItems=26, FilePath=/Users/justinhidalgo/Documents/MovieAssignmentProjects/MovieAssignmentFirst/MovieAssignmentAbstract/AbstractMovieAssignment/AbstractMovieAssignment/bin/Debug/net5.0/NLog.config
Info Configuration initialized.
Info NLog, Version=5.0.0.0, Culture=neutral, PublicKeyToken=5120e14c03d0593c. File version: 5.0.0.1. Product version: 5.0.0-preview.1+f7730207914733647b60ede7fc2525b3c9598507. GlobalAssemblyCache: False
Info Message Template Auto Format enabled
Info Adding target FileTarget(Name=logfile)
Info Adding target ConsoleTarget(Name=logconsole)
Info Validating config: TargetNames=logfile, logconsole, ConfigItems=26, FilePath=/Users/justinhidalgo/Documents/MovieAssignmentProjects/MovieAssignmentFirst/MovieAssignmentAbstract/AbstractMovieAssignment/AbstractMovieAssignment/bin/Debug/net5.0/NLog.config
Info Configuration initialized.
Info NLog, Version=5.0.0.0, Culture=neutral, PublicKeyToken=5120e14c03d0593c. File version: 5.0.0.1. Product version: 5.0.0-preview.1+f7730207914733647b60ede7fc2525b3c9598507. GlobalAssemblyCache: False
Info Message Template Auto Format enabled
Info Adding target FileTarget(Name=logfile)
Info Adding target ConsoleTarget(Name=logconsole)
Info Validating config: TargetNames=logfile, logconsole, ConfigItems=26, FilePath=/Users/justinhidalgo/Documents/MovieAssignmentProjects/MovieAssignmentFirst/MovieAssignmentAbstract/AbstractMovieAssignment/AbstractMovieAssignment/bin/Debug/net5.0/NLog.config
Info Configuration initialized.
Info NLog, Version=5.0.0.0, Culture=neutral, PublicKeyToken=5120e14c03d0593c. File version: 5.0.0.1. Product version: 5.0.0-preview.1+f7730207914733647b60ede7fc2525b3c9598507. GlobalAssemblyCache: False
2021-10-04 13:47:33.1551 Info Auto loading assembly file: /Users/justinhidalgo/Documents/MovieAssignmentProjects/MovieAssignmentFirst/MovieAssignmentAbstract/AbstractMovieAssignment/AbstractMovieAssignment/bin/Debug/net5.0/NLog.Extensions.Logging.dll
2021-10-04 13:47:33.1854 Info Loading assembly file: /Users/justinhidalgo/Documents/MovieAssignmentProjects/MovieAssignmentFirst/MovieAssignmentAbstract/AbstractMovieAssignment/AbstractMovieAssignment/bin/Debug/net5.0/NLog.Extensions.Logging.dll
2021-10-04 13:47:33.2129 Info NLog.Extensions.Logging, Version=1.0.0.0, Culture=neutral, PublicKeyToken=5120e14c03d0593c. File version: 1.7.4.1610. Product version: 1.7.4+e2bffa9e949fb4760d75aca224e78631c063f087. GlobalAssemblyCache: False
2021-10-04 13:47:33.2316 Info Auto loading assembly file: /Users/justinhidalgo/Documents/MovieAssignmentProjects/MovieAssignmentFirst/MovieAssignmentAbstract/AbstractMovieAssignment/AbstractMovieAssignment/bin/Debug/net5.0/NLog.Extensions.Logging.dll succeeded!
2021-10-04 13:47:33.2316 Info Auto loading assembly file: /Users/justinhidalgo/Documents/MovieAssignmentProjects/MovieAssignmentFirst/MovieAssignmentAbstract/AbstractMovieAssignment/AbstractMovieAssignment/bin/Debug/net5.0/NLog.Web.AspNetCore.dll
2021-10-04 13:47:33.2316 Info Loading assembly file: /Users/justinhidalgo/Documents/MovieAssignmentProjects/MovieAssignmentFirst/MovieAssignmentAbstract/AbstractMovieAssignment/AbstractMovieAssignment/bin/Debug/net5.0/NLog.Web.AspNetCore.dll
2021-10-04 13:47:33.2353 Info NLog.Web.AspNetCore, Version=4.0.0.0, Culture=neutral, PublicKeyToken=5120e14c03d0593c. File version: 4.14.0.2042. Product version: 4.14.0+18bbcdbd5bd13b4565c32d72e09502b7ca6c71d4. GlobalAssemblyCache: False
2021-10-04 13:47:33.2366 Info Auto loading assembly file: /Users/justinhidalgo/Documents/MovieAssignmentProjects/MovieAssignmentFirst/MovieAssignmentAbstract/AbstractMovieAssignment/AbstractMovieAssignment/bin/Debug/net5.0/NLog.Web.AspNetCore.dll succeeded!
2021-10-04 13:47:33.2405 Info Message Template Auto Format enabled
2021-10-04 13:47:33.3191 Info Adding target FileTarget(Name=logfile)
2021-10-04 13:47:33.3239 Info Adding target ConsoleTarget(Name=logconsole)
2021-10-04 13:47:33.4263 Info Validating config: TargetNames=logfile, logconsole, ConfigItems=26, FilePath=/Users/justinhidalgo/Documents/MovieAssignmentProjects/MovieAssignmentFirst/MovieAssignmentAbstract/AbstractMovieAssignment/AbstractMovieAssignment/bin/Debug/net5.0/NLog.config
2021-10-04 13:47:33.4580 Info Configuration initialized.
2021-10-04 13:47:33.4603 Info NLog, Version=4.0.0.0, Culture=neutral, PublicKeyToken=5120e14c03d0593c. File version: 4.7.11.13229. Product version: 4.7.11+33ed3a9f86277651e93ddf39cda64a046a06778b. GlobalAssemblyCache: False
2021-10-04 13:48:06.1628 Info Auto loading assembly file: /Users/justinhidalgo/Documents/MovieAssignmentProjects/MovieAssignmentFirst/MovieAssignmentAbstract/AbstractMovieAssignment/AbstractMovieAssignment/bin/Debug/net5.0/NLog.Extensions.Logging.dll
2021-10-04 13:48:06.2036 Info Loading assembly file: /Users/justinhidalgo/Documents/MovieAssignmentProjects/MovieAssignmentFirst/MovieAssignmentAbstract/AbstractMovieAssignment/AbstractMovieAssignment/bin/Debug/net5.0/NLog.Extensions.Logging.dll
2021-10-04 13:48:06.2375 Info NLog.Extensions.Logging, Version=1.0.0.0, Culture=neutral, PublicKeyToken=5120e14c03d0593c. File version: 1.7.4.1610. Product version: 1.7.4+e2bffa9e949fb4760d75aca224e78631c063f087. GlobalAssemblyCache: False
2021-10-04 13:48:06.2427 Info Auto loading assembly file: /Users/justinhidalgo/Documents/MovieAssignmentProjects/MovieAssignmentFirst/MovieAssignmentAbstract/AbstractMovieAssignment/AbstractMovieAssignment/bin/Debug/net5.0/NLog.Extensions.Logging.dll succeeded!
2021-10-04 13:48:06.2427 Info Auto loading assembly file: /Users/justinhidalgo/Documents/MovieAssignmentProjects/MovieAssignmentFirst/MovieAssignmentAbstract/AbstractMovieAssignment/AbstractMovieAssignment/bin/Debug/net5.0/NLog.Web.AspNetCore.dll
2021-10-04 13:48:06.2427 Info Loading assembly file: /Users/justinhidalgo/Documents/MovieAssignmentProjects/MovieAssignmentFirst/MovieAssignmentAbstract/AbstractMovieAssignment/AbstractMovieAssignment/bin/Debug/net5.0/NLog.Web.AspNetCore.dll
2021-10-04 13:48:06.2472 Info NLog.Web.AspNetCore, Version=4.0.0.0, Culture=neutral, PublicKeyToken=5120e14c03d0593c. File version: 4.14.0.2042. Product version: 4.14.0+18bbcdbd5bd13b4565c32d72e09502b7ca6c71d4. GlobalAssemblyCache: False
2021-10-04 13:48:06.2487 Info Auto loading assembly file: /Users/justinhidalgo/Documents/MovieAssignmentProjects/MovieAssignmentFirst/MovieAssignmentAbstract/AbstractMovieAssignment/AbstractMovieAssignment/bin/Debug/net5.0/NLog.Web.AspNetCore.dll succeeded!
2021-10-04 13:48:06.2534 Info Message Template Auto Format enabled
2021-10-04 13:48:06.3547 Info Adding target FileTarget(Name=logfile)
2021-10-04 13:48:06.3602 Info Adding target ConsoleTarget(Name=logconsole)
2021-10-04 13:48:06.4754 Info Validating config: TargetNames=logfile, logconsole, ConfigItems=26, FilePath=/Users/justinhidalgo/Documents/MovieAssignmentProjects/MovieAssignmentFirst/MovieAssignmentAbstract/AbstractMovieAssignment/AbstractMovieAssignment/bin/Debug/net5.0/NLog.config
2021-10-04 13:48:06.5162 Info Configuration initialized.
2021-10-04 13:48:06.5189 Info NLog, Version=4.0.0.0, Culture=neutral, PublicKeyToken=5120e14c03d0593c. File version: 4.7.11.13229. Product version: 4.7.11+33ed3a9f86277651e93ddf39cda64a046a06778b. GlobalAssemblyCache: False
2021-10-04 13:48:25.5242 Info Auto loading assembly file: /Users/justinhidalgo/Documents/MovieAssignmentProjects/MovieAssignmentFirst/MovieAssignmentAbstract/AbstractMovieAssignment/AbstractMovieAssignment/bin/Debug/net5.0/NLog.Extensions.Logging.dll
2021-10-04 13:48:25.5551 Info Loading assembly file: /Users/justinhidalgo/Documents/MovieAssignmentProjects/MovieAssignmentFirst/MovieAssignmentAbstract/AbstractMovieAssignment/AbstractMovieAssignment/bin/Debug/net5.0/NLog.Extensions.Logging.dll
2021-10-04 13:48:25.5879 Info NLog.Extensions.Logging, Version=1.0.0.0, Culture=neutral, PublicKeyToken=5120e14c03d0593c. File version: 1.7.4.1610. Product version: 1.7.4+e2bffa9e949fb4760d75aca224e78631c063f087. GlobalAssemblyCache: False
2021-10-04 13:48:25.5917 Info Auto loading assembly file: /Users/justinhidalgo/Documents/MovieAssignmentProjects/MovieAssignmentFirst/MovieAssignmentAbstract/AbstractMovieAssignment/AbstractMovieAssignment/bin/Debug/net5.0/NLog.Extensions.Logging.dll succeeded!
2021-10-04 13:48:25.5917 Info Auto loading assembly file: /Users/justinhidalgo/Documents/MovieAssignmentProjects/MovieAssignmentFirst/MovieAssignmentAbstract/AbstractMovieAssignment/AbstractMovieAssignment/bin/Debug/net5.0/NLog.Web.AspNetCore.dll
2021-10-04 13:48:25.5917 Info Loading assembly file: /Users/justinhidalgo/Documents/MovieAssignmentProjects/MovieAssignmentFirst/MovieAssignmentAbstract/AbstractMovieAssignment/AbstractMovieAssignment/bin/Debug/net5.0/NLog.Web.AspNetCore.dll
2021-10-04 13:48:25.5953 Info NLog.Web.AspNetCore, Version=4.0.0.0, Culture=neutral, PublicKeyToken=5120e14c03d0593c. File version: 4.14.0.2042. Product version: 4.14.0+18bbcdbd5bd13b4565c32d72e09502b7ca6c71d4. GlobalAssemblyCache: False
2021-10-04 13:48:25.5967 Info Auto loading assembly file: /Users/justinhidalgo/Documents/MovieAssignmentProjects/MovieAssignmentFirst/MovieAssignmentAbstract/AbstractMovieAssignment/AbstractMovieAssignment/bin/Debug/net5.0/NLog.Web.AspNetCore.dll succeeded!
2021-10-04 13:48:25.6015 Info Message Template Auto Format enabled
2021-10-04 13:48:25.6986 Info Adding target FileTarget(Name=logfile)
2021-10-04 13:48:25.7040 Info Adding target ConsoleTarget(Name=logconsole)
2021-10-04 13:48:25.8110 Info Validating config: TargetNames=logfile, logconsole, ConfigItems=26, FilePath=/Users/justinhidalgo/Documents/MovieAssignmentProjects/MovieAssignmentFirst/MovieAssignmentAbstract/AbstractMovieAssignment/AbstractMovieAssignment/bin/Debug/net5.0/NLog.config
2021-10-04 13:48:25.8511 Info Configuration initialized.
2021-10-04 13:48:25.8535 Info NLog, Version=4.0.0.0, Culture=neutral, PublicKeyToken=5120e14c03d0593c. File version: 4.7.11.13229. Product version: 4.7.11+33ed3a9f86277651e93ddf39cda64a046a06778b. GlobalAssemblyCache: False
2021-10-04 13:49:44.7679 Info Auto loading assembly file: /Users/justinhidalgo/Documents/MovieAssignmentProjects/MovieAssignmentFirst/MovieAssignmentAbstract/AbstractMovieAssignment/AbstractMovieAssignment/bin/Debug/net5.0/NLog.Extensions.Logging.dll
2021-10-04 13:49:44.8012 Info Loading assembly file: /Users/justinhidalgo/Documents/MovieAssignmentProjects/MovieAssignmentFirst/MovieAssignmentAbstract/AbstractMovieAssignment/AbstractMovieAssignment/bin/Debug/net5.0/NLog.Extensions.Logging.dll
2021-10-04 13:49:44.8481 Info NLog.Extensions.Logging, Version=1.0.0.0, Culture=neutral, PublicKeyToken=5120e14c03d0593c. File version: 1.7.4.1610. Product version: 1.7.4+e2bffa9e949fb4760d75aca224e78631c063f087. GlobalAssemblyCache: False
2021-10-04 13:49:44.8538 Info Auto loading assembly file: /Users/justinhidalgo/Documents/MovieAssignmentProjects/MovieAssignmentFirst/MovieAssignmentAbstract/AbstractMovieAssignment/AbstractMovieAssignment/bin/Debug/net5.0/NLog.Extensions.Logging.dll succeeded!
2021-10-04 13:49:44.8541 Info Auto loading assembly file: /Users/justinhidalgo/Documents/MovieAssignmentProjects/MovieAssignmentFirst/MovieAssignmentAbstract/AbstractMovieAssignment/AbstractMovieAssignment/bin/Debug/net5.0/NLog.Web.AspNetCore.dll
2021-10-04 13:49:44.8541 Info Loading assembly file: /Users/justinhidalgo/Documents/MovieAssignmentProjects/MovieAssignmentFirst/MovieAssignmentAbstract/AbstractMovieAssignment/AbstractMovieAssignment/bin/Debug/net5.0/NLog.Web.AspNetCore.dll
2021-10-04 13:49:44.8587 Info NLog.Web.AspNetCore, Version=4.0.0.0, Culture=neutral, PublicKeyToken=5120e14c03d0593c. File version: 4.14.0.2042. Product version: 4.14.0+18bbcdbd5bd13b4565c32d72e09502b7ca6c71d4. GlobalAssemblyCache: False
2021-10-04 13:49:44.8603 Info Auto loading assembly file: /Users/justinhidalgo/Documents/MovieAssignmentProjects/MovieAssignmentFirst/MovieAssignmentAbstract/AbstractMovieAssignment/AbstractMovieAssignment/bin/Debug/net5.0/NLog.Web.AspNetCore.dll succeeded!
2021-10-04 13:49:44.8666 Info Message Template Auto Format enabled
2021-10-04 13:49:44.9860 Info Adding target FileTarget(Name=logfile)
2021-10-04 13:49:44.9919 Info Adding target ConsoleTarget(Name=logconsole)
2021-10-04 13:49:45.1119 Info Validating config: TargetNames=logfile, logconsole, ConfigItems=26, FilePath=/Users/justinhidalgo/Documents/MovieAssignmentProjects/MovieAssignmentFirst/MovieAssignmentAbstract/AbstractMovieAssignment/AbstractMovieAssignment/bin/Debug/net5.0/NLog.config
2021-10-04 13:49:45.1542 Info Configuration initialized.
2021-10-04 13:49:45.1571 Info NLog, Version=4.0.0.0, Culture=neutral, PublicKeyToken=5120e14c03d0593c. File version: 4.7.11.13229. Product version: 4.7.11+33ed3a9f86277651e93ddf39cda64a046a06778b. GlobalAssemblyCache: False
2021-10-04 13:50:06.0787 Info Auto loading assembly file: /Users/justinhidalgo/Documents/MovieAssignmentProjects/MovieAssignmentFirst/MovieAssignmentAbstract/AbstractMovieAssignment/AbstractMovieAssignment/bin/Debug/net5.0/NLog.Extensions.Logging.dll
2021-10-04 13:50:06.1091 Info Loading assembly file: /Users/justinhidalgo/Documents/MovieAssignmentProjects/MovieAssignmentFirst/MovieAssignmentAbstract/AbstractMovieAssignment/AbstractMovieAssignment/bin/Debug/net5.0/NLog.Extensions.Logging.dll
2021-10-04 13:50:06.1397 Info NLog.Extensions.Logging, Version=1.0.0.0, Culture=neutral, PublicKeyToken=5120e14c03d0593c. File version: 1.7.4.1610. Product version: 1.7.4+e2bffa9e949fb4760d75aca224e78631c063f087. GlobalAssemblyCache: False
2021-10-04 13:50:06.1433 Info Auto loading assembly file: /Users/justinhidalgo/Documents/MovieAssignmentProjects/MovieAssignmentFirst/MovieAssignmentAbstract/AbstractMovieAssignment/AbstractMovieAssignment/bin/Debug/net5.0/NLog.Extensions.Logging.dll succeeded!
2021-10-04 13:50:06.1433 Info Auto loading assembly file: /Users/justinhidalgo/Documents/MovieAssignmentProjects/MovieAssignmentFirst/MovieAssignmentAbstract/AbstractMovieAssignment/AbstractMovieAssignment/bin/Debug/net5.0/NLog.Web.AspNetCore.dll
2021-10-04 13:50:06.1437 Info Loading assembly file: /Users/justinhidalgo/Documents/MovieAssignmentProjects/MovieAssignmentFirst/MovieAssignmentAbstract/AbstractMovieAssignment/AbstractMovieAssignment/bin/Debug/net5.0/NLog.Web.AspNetCore.dll
2021-10-04 13:50:06.1473 Info NLog.Web.AspNetCore, Version=4.0.0.0, Culture=neutral, PublicKeyToken=5120e14c03d0593c. File version: 4.14.0.2042. Product version: 4.14.0+18bbcdbd5bd13b4565c32d72e09502b7ca6c71d4. GlobalAssemblyCache: False
2021-10-04 13:50:06.1488 Info Auto loading assembly file: /Users/justinhidalgo/Documents/MovieAssignmentProjects/MovieAssignmentFirst/MovieAssignmentAbstract/AbstractMovieAssignment/AbstractMovieAssignment/bin/Debug/net5.0/NLog.Web.AspNetCore.dll succeeded!
2021-10-04 13:50:06.1534 Info Message Template Auto Format enabled
2021-10-04 13:50:06.2543 Info Adding target FileTarget(Name=logfile)
2021-10-04 13:50:06.2604 Info Adding target ConsoleTarget(Name=logconsole)
2021-10-04 13:50:06.4259 Info Validating config: TargetNames=logfile, logconsole, ConfigItems=26, FilePath=/Users/justinhidalgo/Documents/MovieAssignmentProjects/MovieAssignmentFirst/MovieAssignmentAbstract/AbstractMovieAssignment/AbstractMovieAssignment/bin/Debug/net5.0/NLog.config
2021-10-04 13:50:06.4641 Info Configuration initialized.
2021-10-04 13:50:06.4667 Info NLog, Version=4.0.0.0, Culture=neutral, PublicKeyToken=5120e14c03d0593c. File version: 4.7.11.13229. Product version: 4.7.11+33ed3a9f86277651e93ddf39cda64a046a06778b. GlobalAssemblyCache: False
2021-10-04 13:50:59.4324 Info Auto loading assembly file: /Users/justinhidalgo/Documents/MovieAssignmentProjects/MovieAssignmentFirst/MovieAssignmentAbstract/AbstractMovieAssignment/AbstractMovieAssignment/bin/Debug/net5.0/NLog.Extensions.Logging.dll
2021-10-04 13:50:59.4649 Info Loading assembly file: /Users/justinhidalgo/Documents/MovieAssignmentProjects/MovieAssignmentFirst/MovieAssignmentAbstract/AbstractMovieAssignment/AbstractMovieAssignment/bin/Debug/net5.0/NLog.Extensions.Logging.dll
2021-10-04 13:50:59.4970 Info NLog.Extensions.Logging, Version=1.0.0.0, Culture=neutral, PublicKeyToken=5120e14c03d0593c. File version: 1.7.4.1610. Product version: 1.7.4+e2bffa9e949fb4760d75aca224e78631c063f087. GlobalAssemblyCache: False
2021-10-04 13:50:59.5014 Info Auto loading assembly file: /Users/justinhidalgo/Documents/MovieAssignmentProjects/MovieAssignmentFirst/MovieAssignmentAbstract/AbstractMovieAssignment/AbstractMovieAssignment/bin/Debug/net5.0/NLog.Extensions.Logging.dll succeeded!
2021-10-04 13:50:59.5017 Info Auto loading assembly file: /Users/justinhidalgo/Documents/MovieAssignmentProjects/MovieAssignmentFirst/MovieAssignmentAbstract/AbstractMovieAssignment/AbstractMovieAssignment/bin/Debug/net5.0/NLog.Web.AspNetCore.dll
2021-10-04 13:50:59.5017 Info Loading assembly file: /Users/justinhidalgo/Documents/MovieAssignmentProjects/MovieAssignmentFirst/MovieAssignmentAbstract/AbstractMovieAssignment/AbstractMovieAssignment/bin/Debug/net5.0/NLog.Web.AspNetCore.dll
2021-10-04 13:50:59.5049 Info NLog.Web.AspNetCore, Version=4.0.0.0, Culture=neutral, PublicKeyToken=5120e14c03d0593c. File version: 4.14.0.2042. Product version: 4.14.0+18bbcdbd5bd13b4565c32d72e09502b7ca6c71d4. GlobalAssemblyCache: False
2021-10-04 13:50:59.5064 Info Auto loading assembly file: /Users/justinhidalgo/Documents/MovieAssignmentProjects/MovieAssignmentFirst/MovieAssignmentAbstract/AbstractMovieAssignment/AbstractMovieAssignment/bin/Debug/net5.0/NLog.Web.AspNetCore.dll succeeded!
2021-10-04 13:50:59.5112 Info Message Template Auto Format enabled
2021-10-04 13:50:59.6114 Info Adding target FileTarget(Name=logfile)
2021-10-04 13:50:59.6176 Info Adding target ConsoleTarget(Name=logconsole)
2021-10-04 13:50:59.7327 Info Validating config: TargetNames=logfile, logconsole, ConfigItems=26, FilePath=/Users/justinhidalgo/Documents/MovieAssignmentProjects/MovieAssignmentFirst/MovieAssignmentAbstract/AbstractMovieAssignment/AbstractMovieAssignment/bin/Debug/net5.0/NLog.config
2021-10-04 13:50:59.7709 Info Configuration initialized.
2021-10-04 13:50:59.7738 Info NLog, Version=4.0.0.0, Culture=neutral, PublicKeyToken=5120e14c03d0593c. File version: 4.7.11.13229. Product version: 4.7.11+33ed3a9f86277651e93ddf39cda64a046a06778b. GlobalAssemblyCache: False
2021-10-04 13:51:31.9154 Info AppDomain Shutting down. Logger closing...
2021-10-04 13:51:31.9478 Info Logger has been shut down.
2021-10-04 14:02:33.1758 Info Auto loading assembly file: /Users/justinhidalgo/Documents/MovieAssignmentProjects/MovieAssignmentFirst/MovieAssignmentAbstract/AbstractMovieAssignment/AbstractMovieAssignment/bin/Debug/net5.0/NLog.Extensions.Logging.dll
2021-10-04 14:02:33.2089 Info Loading assembly file: /Users/justinhidalgo/Documents/MovieAssignmentProjects/MovieAssignmentFirst/MovieAssignmentAbstract/AbstractMovieAssignment/AbstractMovieAssignment/bin/Debug/net5.0/NLog.Extensions.Logging.dll
2021-10-04 14:02:33.2425 Info NLog.Extensions.Logging, Version=1.0.0.0, Culture=neutral, PublicKeyToken=5120e14c03d0593c. File version: 1.7.4.1610. Product version: 1.7.4+e2bffa9e949fb4760d75aca224e78631c063f087. GlobalAssemblyCache: False
2021-10-04 14:02:33.2471 Info Auto loading assembly file: /Users/justinhidalgo/Documents/MovieAssignmentProjects/MovieAssignmentFirst/MovieAssignmentAbstract/AbstractMovieAssignment/AbstractMovieAssignment/bin/Debug/net5.0/NLog.Extensions.Logging.dll succeeded!
2021-10-04 14:02:33.2471 Info Auto loading assembly file: /Users/justinhidalgo/Documents/MovieAssignmentProjects/MovieAssignmentFirst/MovieAssignmentAbstract/AbstractMovieAssignment/AbstractMovieAssignment/bin/Debug/net5.0/NLog.Web.AspNetCore.dll
2021-10-04 14:02:33.2471 Info Loading assembly file: /Users/justinhidalgo/Documents/MovieAssignmentProjects/MovieAssignmentFirst/MovieAssignmentAbstract/AbstractMovieAssignment/AbstractMovieAssignment/bin/Debug/net5.0/NLog.Web.AspNetCore.dll
2021-10-04 14:02:33.2511 Info NLog.Web.AspNetCore, Version=4.0.0.0, Culture=neutral, PublicKeyToken=5120e14c03d0593c. File version: 4.14.0.2042. Product version: 4.14.0+18bbcdbd5bd13b4565c32d72e09502b7ca6c71d4. GlobalAssemblyCache: False
2021-10-04 14:02:33.2527 Info Auto loading assembly file: /Users/justinhidalgo/Documents/MovieAssignmentProjects/MovieAssignmentFirst/MovieAssignmentAbstract/AbstractMovieAssignment/AbstractMovieAssignment/bin/Debug/net5.0/NLog.Web.AspNetCore.dll succeeded!
2021-10-04 14:02:33.2577 Info Message Template Auto Format enabled
2021-10-04 14:02:33.3576 Info Adding target FileTarget(Name=logfile)
2021-10-04 14:02:33.3636 Info Adding target ConsoleTarget(Name=logconsole)
2021-10-04 14:02:33.4734 Info Validating config: TargetNames=logfile, logconsole, ConfigItems=26, FilePath=/Users/justinhidalgo/Documents/MovieAssignmentProjects/MovieAssignmentFirst/MovieAssignmentAbstract/AbstractMovieAssignment/AbstractMovieAssignment/bin/Debug/net5.0/NLog.config
2021-10-04 14:02:33.5122 Info Configuration initialized.
2021-10-04 14:02:33.5150 Info NLog, Version=4.0.0.0, Culture=neutral, PublicKeyToken=5120e14c03d0593c. File version: 4.7.11.13229. Product version: 4.7.11+33ed3a9f86277651e93ddf39cda64a046a06778b. GlobalAssemblyCache: False
2021-10-04 14:03:00.6189 Info Auto loading assembly file: /Users/justinhidalgo/Documents/MovieAssignmentProjects/MovieAssignmentFirst/MovieAssignmentAbstract/AbstractMovieAssignment/AbstractMovieAssignment/bin/Debug/net5.0/NLog.Extensions.Logging.dll
2021-10-04 14:03:00.6536 Info Loading assembly file: /Users/justinhidalgo/Documents/MovieAssignmentProjects/MovieAssignmentFirst/MovieAssignmentAbstract/AbstractMovieAssignment/AbstractMovieAssignment/bin/Debug/net5.0/NLog.Extensions.Logging.dll
2021-10-04 14:03:00.6867 Info NLog.Extensions.Logging, Version=1.0.0.0, Culture=neutral, PublicKeyToken=5120e14c03d0593c. File version: 1.7.4.1610. Product version: 1.7.4+e2bffa9e949fb4760d75aca224e78631c063f087. GlobalAssemblyCache: False
2021-10-04 14:03:00.6903 Info Auto loading assembly file: /Users/justinhidalgo/Documents/MovieAssignmentProjects/MovieAssignmentFirst/MovieAssignmentAbstract/AbstractMovieAssignment/AbstractMovieAssignment/bin/Debug/net5.0/NLog.Extensions.Logging.dll succeeded!
2021-10-04 14:03:00.6903 Info Auto loading assembly file: /Users/justinhidalgo/Documents/MovieAssignmentProjects/MovieAssignmentFirst/MovieAssignmentAbstract/AbstractMovieAssignment/AbstractMovieAssignment/bin/Debug/net5.0/NLog.Web.AspNetCore.dll
2021-10-04 14:03:00.6903 Info Loading assembly file: /Users/justinhidalgo/Documents/MovieAssignmentProjects/MovieAssignmentFirst/MovieAssignmentAbstract/AbstractMovieAssignment/AbstractMovieAssignment/bin/Debug/net5.0/NLog.Web.AspNetCore.dll
2021-10-04 14:03:00.6938 Info NLog.Web.AspNetCore, Version=4.0.0.0, Culture=neutral, PublicKeyToken=5120e14c03d0593c. File version: 4.14.0.2042. Product version: 4.14.0+18bbcdbd5bd13b4565c32d72e09502b7ca6c71d4. GlobalAssemblyCache: False
2021-10-04 14:03:00.6952 Info Auto loading assembly file: /Users/justinhidalgo/Documents/MovieAssignmentProjects/MovieAssignmentFirst/MovieAssignmentAbstract/AbstractMovieAssignment/AbstractMovieAssignment/bin/Debug/net5.0/NLog.Web.AspNetCore.dll succeeded!
2021-10-04 14:03:00.6993 Info Message Template Auto Format enabled
2021-10-04 14:03:00.7959 Info Adding target FileTarget(Name=logfile)
2021-10-04 14:03:00.8017 Info Adding target ConsoleTarget(Name=logconsole)
2021-10-04 14:03:00.9148 Info Validating config: TargetNames=logfile, logconsole, ConfigItems=26, FilePath=/Users/justinhidalgo/Documents/MovieAssignmentProjects/MovieAssignmentFirst/MovieAssignmentAbstract/AbstractMovieAssignment/AbstractMovieAssignment/bin/Debug/net5.0/NLog.config
2021-10-04 14:03:00.9561 Info Configuration initialized.
2021-10-04 14:03:00.9591 Info NLog, Version=4.0.0.0, Culture=neutral, PublicKeyToken=5120e14c03d0593c. File version: 4.7.11.13229. Product version: 4.7.11+33ed3a9f86277651e93ddf39cda64a046a06778b. GlobalAssemblyCache: False
